<?xml version="1.0" encoding="UTF-8"?>
<!-- Generated by org.testng.reporters.JUnitReportReporter -->
<testsuite hostname="DESKTOP-L8VPHJS" failures="0" tests="1" name="testScripts.FileUploadTest" time="3.704" errors="0" timestamp="2024-11-05T10:16:16 IST" skipped="0">
  <testcase classname="testScripts.FileUploadTest" name="fileUploadTC" time="3.704"/>
  <system-out/>
</testsuite> <!-- testScripts.FileUploadTest -->
