<?xml version="1.0" encoding="UTF-8"?>
<!-- Generated by org.testng.reporters.JUnitReportReporter -->
<testsuite hostname="DESKTOP-L8VPHJS" failures="0" tests="1" name="testScripts.WinPopupTest" time="6.868" errors="0" timestamp="2024-11-06T10:03:27 IST" skipped="0">
  <testcase classname="testScripts.WinPopupTest" name="newWindowTest" time="6.868"/>
  <system-out/>
</testsuite> <!-- testScripts.WinPopupTest -->
