<?xml version="1.0" encoding="UTF-8"?>
<!-- Generated by org.testng.reporters.JUnitReportReporter -->
<testsuite hostname="DESKTOP-L8VPHJS" failures="0" tests="1" name="testScripts.AlertTest" time="24.650" errors="0" timestamp="2024-11-05T13:16:42 IST" skipped="0">
  <testcase classname="testScripts.AlertTest" name="alertTest" time="24.650"/>
  <system-out/>
</testsuite> <!-- testScripts.AlertTest -->
