<?xml version="1.0" encoding="UTF-8"?>
<!-- Generated by org.testng.reporters.JUnitReportReporter -->
<testsuite hostname="DESKTOP-L8VPHJS" failures="0" tests="1" name="testScripts.RadioChkBoxTest" time="6.981" errors="0" timestamp="2024-11-04T10:56:30 IST" skipped="0">
  <testcase classname="testScripts.RadioChkBoxTest" name="selectRadioTest" time="6.981"/>
  <system-out/>
</testsuite> <!-- testScripts.RadioChkBoxTest -->
