<?xml version="1.0" encoding="UTF-8"?>
<!-- Generated by org.testng.reporters.JUnitReportReporter -->
<testsuite hostname="DESKTOP-L8VPHJS" failures="0" tests="1" name="testScripts.GooglePageTest" time="4.236" errors="0" timestamp="2024-10-29T11:23:47 IST" skipped="0">
  <testcase classname="testScripts.GooglePageTest" name="searchJavaTest" time="4.236"/>
  <system-out/>
</testsuite> <!-- testScripts.GooglePageTest -->
