<?xml version="1.0" encoding="UTF-8"?>
<!-- Generated by org.testng.reporters.JUnitReportReporter -->
<testsuite hostname="DESKTOP-L8VPHJS" failures="0" tests="1" name="testScripts.LocatorTest" time="5.870" errors="0" timestamp="2024-10-30T10:58:29 IST" skipped="0">
  <testcase classname="testScripts.LocatorTest" name="loginTest" time="5.870"/>
  <system-out/>
</testsuite> <!-- testScripts.LocatorTest -->
