<?xml version="1.0" encoding="UTF-8"?>
<!-- Generated by org.testng.reporters.JUnitReportReporter -->
<testsuite hostname="DESKTOP-L8VPHJS" failures="0" tests="1" name="testScripts.PageLoadTest" time="9.754" errors="0" timestamp="2024-11-06T12:51:10 IST" skipped="0">
  <testcase classname="testScripts.PageLoadTest" name="f" time="9.754"/>
  <system-out/>
</testsuite> <!-- testScripts.PageLoadTest -->
