<?xml version="1.0" encoding="UTF-8"?>
<!-- Generated by org.testng.reporters.JUnitReportReporter -->
<testsuite hostname="DESKTOP-L8VPHJS" failures="0" tests="1" name="testScripts.IFrameTest" time="5.554" errors="0" timestamp="2024-11-06T10:34:02 IST" skipped="0">
  <testcase classname="testScripts.IFrameTest" name="f" time="5.554"/>
  <system-out/>
</testsuite> <!-- testScripts.IFrameTest -->
