<?xml version="1.0" encoding="UTF-8"?>
<!-- Generated by org.testng.reporters.JUnitReportReporter -->
<testsuite hostname="DESKTOP-L8VPHJS" failures="0" tests="1" name="testScripts.ExpWaitTest" time="18.927" errors="0" timestamp="2024-11-06T12:34:41 IST" skipped="0">
  <testcase classname="testScripts.ExpWaitTest" name="f" time="18.927"/>
  <system-out/>
</testsuite> <!-- testScripts.ExpWaitTest -->
