<?xml version="1.0" encoding="UTF-8"?>
<!-- Generated by org.testng.reporters.JUnitReportReporter -->
<testsuite hostname="DESKTOP-L8VPHJS" failures="0" tests="1" name="testScripts.RemoteWebDriverTest" time="4.569" errors="0" timestamp="2024-11-12T10:52:03 IST" skipped="0">
  <testcase classname="testScripts.RemoteWebDriverTest" name="test" time="4.569"/>
  <system-out/>
</testsuite> <!-- testScripts.RemoteWebDriverTest -->
