<?xml version="1.0" encoding="UTF-8"?>
<!-- Generated by org.testng.reporters.JUnitReportReporter -->
<testsuite hostname="DESKTOP-L8VPHJS" failures="0" tests="1" name="testScripts.AutoCompleteTest" time="3.979" errors="0" timestamp="2024-11-06T11:29:15 IST" skipped="0">
  <testcase classname="testScripts.AutoCompleteTest" name="f" time="3.979"/>
  <system-out/>
</testsuite> <!-- testScripts.AutoCompleteTest -->
