<?xml version="1.0" encoding="UTF-8"?>
<!-- Generated by org.testng.reporters.JUnitReportReporter -->
<testsuite hostname="DESKTOP-L8VPHJS" failures="0" tests="1" name="testScripts.JSExecTest" time="7.978" errors="0" timestamp="2024-11-06T13:33:18 IST" skipped="0">
  <testcase classname="testScripts.JSExecTest" name="f" time="7.978"/>
  <system-out/>
</testsuite> <!-- testScripts.JSExecTest -->
