<?xml version="1.0" encoding="UTF-8"?>
<!-- Generated by org.testng.reporters.JUnitReportReporter -->
<testsuite hostname="DESKTOP-L8VPHJS" failures="0" tests="1" name="testScripts.MouseActionsTest" time="5.353" errors="0" timestamp="2024-11-05T09:53:23 IST" skipped="0">
  <testcase classname="testScripts.MouseActionsTest" name="mouseActionsTest" time="5.353"/>
  <system-out/>
</testsuite> <!-- testScripts.MouseActionsTest -->
