<?xml version="1.0" encoding="UTF-8"?>
<!-- Generated by org.testng.reporters.JUnitReportReporter -->
<testsuite hostname="DESKTOP-L8VPHJS" failures="0" tests="1" name="testScripts.GooglePageTest" time="6.688" errors="0" timestamp="2024-11-04T09:44:27 IST" skipped="0">
  <testcase classname="testScripts.GooglePageTest" name="searchJavaTest" time="6.688"/>
  <system-out/>
</testsuite> <!-- testScripts.GooglePageTest -->
