<?xml version="1.0" encoding="UTF-8"?>
<!-- Generated by org.testng.reporters.JUnitReportReporter -->
<testsuite hostname="DESKTOP-L8VPHJS" failures="0" tests="1" name="testScripts.DisplayTest" time="3.369" errors="0" timestamp="2024-11-04T10:28:35 IST" skipped="0">
  <testcase classname="testScripts.DisplayTest" name="displayElemTest" time="3.369"/>
  <system-out/>
</testsuite> <!-- testScripts.DisplayTest -->
