<?xml version="1.0" encoding="UTF-8"?>
<!-- Generated by org.testng.reporters.JUnitReportReporter -->
<testsuite hostname="DESKTOP-L8VPHJS" failures="0" tests="7" name="parallelScripts.SampleTwoTest" time="24.317" errors="0" timestamp="2024-11-08T12:39:28 IST" skipped="0">
  <testcase classname="parallelScripts.SampleTwoTest" name="testOne" time="2.331"/>
  <system-out/>
  <testcase classname="parallelScripts.SampleTwoTest" name="testFour" time="3.998"/>
  <system-out/>
  <testcase classname="parallelScripts.SampleTwoTest" name="testFour" time="4.272"/>
  <system-out/>
  <testcase classname="parallelScripts.SampleTwoTest" name="testTwo" time="1.783"/>
  <system-out/>
  <testcase classname="parallelScripts.SampleTwoTest" name="testFour" time="4.024"/>
  <system-out/>
  <testcase classname="parallelScripts.SampleTwoTest" name="testThree" time="3.637"/>
  <system-out/>
  <testcase classname="parallelScripts.SampleTwoTest" name="testFour" time="4.272"/>
  <system-out/>
</testsuite> <!-- parallelScripts.SampleTwoTest -->
