<?xml version="1.0" encoding="UTF-8"?>
<!-- Generated by org.testng.reporters.JUnitReportReporter -->
<testsuite hostname="DESKTOP-L8VPHJS" failures="0" tests="1" name="testScripts.DropDownTest" time="6.376" errors="0" timestamp="2024-11-04T11:24:33 IST" skipped="0">
  <testcase classname="testScripts.DropDownTest" name="selectOptions" time="6.376"/>
  <system-out/>
</testsuite> <!-- testScripts.DropDownTest -->
