<?xml version="1.0" encoding="UTF-8"?>
<!-- Generated by org.testng.reporters.JUnitReportReporter -->
<testsuite hostname="DESKTOP-L8VPHJS" failures="0" tests="1" name="testScripts.WebTableTest" time="4.923" errors="0" timestamp="2024-10-30T10:14:40 IST" skipped="0">
  <testcase classname="testScripts.WebTableTest" name="verifyBookDetails" time="4.923"/>
  <system-out/>
</testsuite> <!-- testScripts.WebTableTest -->
