<?xml version="1.0" encoding="UTF-8"?>
<!-- Generated by org.testng.reporters.JUnitReportReporter -->
<testsuite hostname="DESKTOP-L8VPHJS" failures="0" tests="1" name="testScripts.LocatorTest" time="7.844" errors="0" timestamp="2024-11-08T10:49:14 IST" skipped="0">
  <testcase classname="testScripts.LocatorTest" name="loginTest" time="7.844"/>
</testsuite> <!-- testScripts.LocatorTest -->
